  Test.cpp
C:\Program Files\Microsoft Visual Studio\2022\Community\VC\Tools\MSVC\14.37.32822\include\xmemory(719,103): warning C4244: 'argument': conversion from '_Ty' to 'float', possible loss of data
          with
          [
              _Ty=int
          ]
C:\Program Files\Microsoft Visual Studio\2022\Community\VC\Tools\MSVC\14.37.32822\include\vector(800,27): message : see reference to function template instantiation 'void std::_Default_allocator_traits<_Alloc>::construct<_Ty,int&,int&,int,sf::Color,acro::PhysicsWorld&>(_Alloc &,_Objty *const ,int &,int &,int &&,sf::Color &&,acro::PhysicsWorld &)' being compiled
          with
          [
              _Alloc=std::allocator<DebugCircle>,
              _Ty=DebugCircle,
              _Objty=DebugCircle
          ]
C:\Program Files\Microsoft Visual Studio\2022\Community\VC\Tools\MSVC\14.37.32822\include\vector(782,20): message : see reference to function template instantiation '_Ty &std::vector<_Ty,std::allocator<_Ty>>::_Emplace_back_with_unused_capacity<int&,int&,int,sf::Color,acro::PhysicsWorld&>(int &,int &,int &&,sf::Color &&,acro::PhysicsWorld &)' being compiled
          with
          [
              _Ty=DebugCircle
          ]
C:\Program Files\Microsoft Visual Studio\2022\Community\VC\Tools\MSVC\14.37.32822\include\vector(864,24): message : see reference to function template instantiation '_Ty &std::vector<_Ty,std::allocator<_Ty>>::_Emplace_one_at_back<int&,int&,int,sf::Color,acro::PhysicsWorld&>(int &,int &,int &&,sf::Color &&,acro::PhysicsWorld &)' being compiled
          with
          [
              _Ty=DebugCircle
          ]
D:\GitHub\AcroPhysics\Test\Test.cpp(83,13): message : see reference to function template instantiation 'void std::vector<DebugCircle,std::allocator<DebugCircle>>::emplace_back<int&,int&,int,sf::Color,acro::PhysicsWorld&>(int &,int &,int &&,sf::Color &&,acro::PhysicsWorld &)' being compiled
C:\Program Files\Microsoft Visual Studio\2022\Community\VC\Tools\MSVC\14.37.32822\include\xmemory(719,103): warning C4244: 'argument': conversion from 'int' to 'float', possible loss of data
  Generating code
  5 of 635 functions ( 0.8%) were compiled, the rest were copied from previous compilation.
    0 functions were new in current compilation
    9 functions had inline decision re-evaluated but remain unchanged
  Finished generating code
  AcroPhysics.vcxproj -> D:\GitHub\AcroPhysics\x64\Release\AcroPhysics.exe
